
[11:01:13] ========================================
[11:01:13]   BEACON CSA INJECTION ATTACK
[11:01:13] ========================================

[11:01:13] Building topology...
Warning! If you already had Mininet-WiFi installed please run util/install.sh -W and then sudo make install.
Error: Device 'wlan1' not found.
Error: Device 'wlan0' not found.
Error: Please run sudo mn -c.
Error: Please run sudo mn -c.
Error: Please run sudo mn -c.
Error: Please run sudo mn -c.
*** Error: Cannot find device "sta1-wlan0"
*** Error: Cannot find device "sta1-wlan0"
*** Error: Cannot find device "sta1-wlan0"
*** Error: Cannot find device "sta2-wlan0"
*** Error: Cannot find device "sta2-wlan0"
*** Error: Cannot find device "sta2-wlan0"
*** Error: Cannot find device "sta3-wlan0"
*** Error: Cannot find device "sta3-wlan0"
*** Error: Cannot find device "sta3-wlan0"
*** Starting controller(s)
*** Starting L2 nodes
ap1 ...
[11:01:15] Waiting 15s for association + DHCP...
[ERROR] sta1 not associated. Aborting.
*** Stopping 0 controllers

*** Stopping 4 links
....
*** Stopping switches/access points
ap1 
*** Stopping nodes
sta1 sta2 sta3 

*** Removing WiFi module and Configurations
*** Killing mac80211_hwsim

*** Done
