*** Creating nodes
Warning! If you already had Mininet-WiFi installed please run util/install.sh -W and then sudo make install.
Error: Please run sudo mn -c.
*** Error: Cannot find device "sta1-wlan0"
*** Error: Cannot find device "sta1-wlan0"
*** Error: Cannot find device "sta1-wlan0"
*** Starting controller(s)
*** Starting L2 nodes
ap1 ...

*** Waiting for association...
=== Pre-Test Status ===
  Associated: False
  Channel:    unknown
[ERROR] Station not associated. Cannot run test.
*** Stopping 0 controllers

*** Stopping 2 links
..
*** Stopping switches/access points
ap1 
*** Stopping nodes
sta1 

*** Removing WiFi module and Configurations
*** Killing mac80211_hwsim

*** Done
