*** Creating nodes
Warning! If you already had Mininet-WiFi installed please run util/install.sh -W and then sudo make install.
Error: Device 'wlan1' not found.
Error: Device 'wlan0' not found.
Error: Please run sudo mn -c.
Error: Please run sudo mn -c.
Error: Please run sudo mn -c.
Error: Please run sudo mn -c.
*** Error: Cannot find device "sta1-wlan0"
*** Error: Cannot find device "sta1-wlan0"
*** Error: Cannot find device "sta1-wlan0"
*** Error: Cannot find device "sta2-wlan0"
*** Error: Cannot find device "sta2-wlan0"
*** Error: Cannot find device "sta2-wlan0"
*** Error: Cannot find device "sta3-wlan0"
*** Error: Cannot find device "sta3-wlan0"
*** Error: Cannot find device "sta3-wlan0"
*** Starting controller(s)
*** Starting L2 nodes
ap1 ...

*** Waiting for association...
=== IP Address Assignment ===
  sta1: 10.0.0.1
  sta2: 10.0.0.2
  sta3: 10.0.0.3

=== PING Test: sta1 -> sta2 (10.0.0.2) ===
ping: connect: Network is unreachable

[PASS] Client Isolation working correctly.
       Direct L2 communication between stations is BLOCKED.

=== ARP Test: sta3 attempting ARP for sta1 ===
arping: libnet_init(LIBNET_LINK, wlan0): libnet_check_iface() ioctl: No such device
[FAIL] ARP isolation broken.
*** Stopping 0 controllers

*** Stopping 4 links
....
*** Stopping switches/access points
ap1 
*** Stopping nodes
sta1 sta2 sta3 

*** Removing WiFi module and Configurations
*** Killing mac80211_hwsim

*** Done
