*** Creating nodes
Warning! If you already had Mininet-WiFi installed please run util/install.sh -W and then sudo make install.
Error: Device 'wlan1' not found.
Error: Please run sudo mn -c.
Error: Please run sudo mn -c.
Error: Please run sudo mn -c.
*** Error: Cannot find device "sta1-wlan0"
*** Error: Cannot find device "sta1-wlan0"
*** Error: Cannot find device "sta1-wlan0"
*** Error: Cannot find device "sta2-wlan0"
*** Error: Cannot find device "sta2-wlan0"
*** Error: Cannot find device "sta2-wlan0"
*** Starting controller(s)
*** Starting L2 nodes
ap1 ...

*** Waiting for association...
=== Pre-Test Association Check ===
  sta1: NOT ASSOCIATED — cannot run PMF test
*** Stopping 0 controllers

*** Stopping 3 links
...
*** Stopping switches/access points
ap1 
*** Stopping nodes
sta1 sta2 

*** Removing WiFi module and Configurations
*** Killing mac80211_hwsim

*** Done
